<?xml version="1.0" encoding="UTF-8"?>
<testng-results ignored="0" total="1" passed="1" failed="0" skipped="0">
  <reporter-output>
  </reporter-output>
  <suite started-at="2022-06-05T08:06:44 IST" name="Default suite" finished-at="2022-06-05T08:06:59 IST" duration-ms="14759">
    <groups>
    </groups>
    <test started-at="2022-06-05T08:06:44 IST" name="Default test" finished-at="2022-06-05T08:06:59 IST" duration-ms="14759">
      <class name="com.myMav.testcases.Profile1">
        <test-method is-config="true" signature="extent()[pri:0, instance:com.myMav.testcases.Profile1@6da21078]" started-at="2022-06-05T08:06:44 IST" name="extent" finished-at="2022-06-05T08:06:44 IST" duration-ms="189" status="PASS">
          <reporter-output>
          </reporter-output>
        </test-method> <!-- extent -->
        <test-method is-config="true" signature="setup()[pri:0, instance:com.myMav.testcases.Profile1@6da21078]" started-at="2022-06-05T08:06:44 IST" name="setup" finished-at="2022-06-05T08:06:48 IST" duration-ms="3856" status="PASS">
          <reporter-output>
          </reporter-output>
        </test-method> <!-- setup -->
        <test-method signature="prof()[pri:0, instance:com.myMav.testcases.Profile1@6da21078]" started-at="2022-06-05T08:06:48 IST" name="prof" finished-at="2022-06-05T08:06:57 IST" duration-ms="8506" status="PASS">
          <reporter-output>
          </reporter-output>
        </test-method> <!-- prof -->
        <test-method is-config="true" signature="get(org.testng.ITestResult)[pri:0, instance:com.myMav.testcases.Profile1@6da21078]" started-at="2022-06-05T08:06:57 IST" name="get" finished-at="2022-06-05T08:06:57 IST" duration-ms="20" status="PASS">
          <params>
            <param index="0">
              <value>
                <![CDATA[[TestResult name=prof status=SUCCESS method=Profile1.prof()[pri:0, instance:com.myMav.testcases.Profile1@6da21078] output={null}]]]>
              </value>
            </param>
          </params>
          <reporter-output>
          </reporter-output>
        </test-method> <!-- get -->
        <test-method is-config="true" signature="tearDown()[pri:0, instance:com.myMav.testcases.Profile1@6da21078]" started-at="2022-06-05T08:06:57 IST" name="tearDown" finished-at="2022-06-05T08:06:59 IST" duration-ms="2138" status="PASS">
          <reporter-output>
          </reporter-output>
        </test-method> <!-- tearDown -->
      </class> <!-- com.myMav.testcases.Profile1 -->
    </test> <!-- Default test -->
  </suite> <!-- Default suite -->
</testng-results>
