<?xml version="1.0" encoding="UTF-8"?>
<!-- Generated by org.testng.reporters.JUnitXMLReporter -->
<testsuite ignored="0" hostname="DESKTOP-9BSPGAT" failures="0" tests="10" name="Test" time="127.393" errors="0" timestamp="2022-06-05T07:53:25 IST">
  <testcase classname="com.myMav.testcases.Owner1" name="Own" time="8.477"/>
  <testcase classname="com.myMav.testcases.Property1" name="prop" time="8.508"/>
  <testcase classname="com.myMav.testcases.Refresh1" name="Refres" time="9.07"/>
  <testcase classname="com.myMav.testcases.Profile1" name="prof" time="8.428"/>
  <testcase classname="com.myMav.testcases.Locality1" name="loc" time="8.433"/>
  <testcase classname="com.myMav.testcases.Aircoo1" name="Air" time="8.382"/>
  <testcase classname="com.myMav.testcases.Login1" name="log" time="8.319"/>
  <testcase classname="com.myMav.testcases.Credit1" name="cred" time="8.421"/>
  <testcase classname="com.myMav.testcases.Rent1" name="rental" time="8.389"/>
  <testcase classname="com.myMav.testcases.Menu1" name="getex" time="8.318"/>
</testsuite> <!-- Test -->
